<?xml version="1.0" encoding="UTF-8"?>
<testsuite name="UTest Register page" tests="1" skipped="0" failures="0" errors="0" timestamp="2021-07-28T15:32:42" hostname="CHMEPPF1LWWQH" time="66.357">
  <properties/>
  <testcase name="personal data form" classname="UTest Register page" time="66.357"/>
  <system-out><![CDATA[]]></system-out>
  <system-err><![CDATA[jul 28, 2021 10:32:43 AM org.openqa.selenium.remote.DesiredCapabilities chrome
INFORMACIÓN: Using `new ChromeOptions()` is preferred to `DesiredCapabilities.chrome()`
Starting ChromeDriver 91.0.4472.101 (af52a90bf87030dd1523486a1cd3ae25c5d76c9b-refs/branch-heads/4472@{#1462}) on port 17879
Only local connections are allowed.
Please see https://chromedriver.chromium.org/security-considerations for suggestions on keeping ChromeDriver safe.
ChromeDriver was started successfully.
[1627486366.319][WARNING]: This version of ChromeDriver has not been tested with Chrome version 92.
jul 28, 2021 10:32:46 AM org.openqa.selenium.remote.ProtocolHandshake createSession
INFORMACIÓN: Detected dialect: W3C
[Test worker] INFO net.serenitybdd.core.Serenity - 
        __    _____ _____ ____ _____   ____   _    ____  ____  _____ ____  
  _     \ \  |_   _| ____/ ___|_   _| |  _ \ / \  / ___|/ ___|| ____|  _ \ 
 (_)_____| |   | | |  _| \___ \ | |   | |_) / _ \ \___ \\___ \|  _| | | | |
  _|_____| |   | | | |___ ___) || |   |  __/ ___ \ ___) |___) | |___| |_| |
 (_)     | |   |_| |_____|____/ |_|   |_| /_/   \_\____/|____/|_____|____/ 
        /_/                                                                

TEST PASSED: personal data form
----------------------------------------------------------------------------
]]></system-err>
</testsuite>
